<?xml version="1.0" encoding="UTF-8"?>
<testng-results skipped="4" failed="1" total="19" passed="14">
  <reporter-output>
  </reporter-output>
  <suite name="Suite" duration-ms="464375" started-at="2022-09-24T02:59:49Z" finished-at="2022-09-24T03:07:33Z">
    <groups>
    </groups>
    <test name="Test" duration-ms="464375" started-at="2022-09-24T02:59:49Z" finished-at="2022-09-24T03:07:33Z">
      <class name="org.testNG.ProductAddToFav">
        <test-method status="PASS" signature="launch()[pri:0, instance:org.testNG.ProductAddToFav@3ffc5af1]" name="launch" is-config="true" duration-ms="22213" started-at="2022-09-23T20:04:57Z" finished-at="2022-09-23T20:05:19Z">
          <reporter-output>
          </reporter-output>
        </test-method> <!-- launch -->
        <test-method status="PASS" signature="url()[pri:0, instance:org.testNG.ProductAddToFav@3ffc5af1]" name="url" is-config="true" duration-ms="9866" started-at="2022-09-23T20:05:19Z" finished-at="2022-09-23T20:05:29Z">
          <reporter-output>
          </reporter-output>
        </test-method> <!-- url -->
        <test-method status="PASS" signature="favorites()[pri:0, instance:org.testNG.ProductAddToFav@3ffc5af1]" name="favorites" duration-ms="42173" started-at="2022-09-23T20:05:29Z" finished-at="2022-09-23T20:06:11Z">
          <reporter-output>
          </reporter-output>
        </test-method> <!-- favorites -->
        <test-method status="PASS" signature="qts()[pri:0, instance:org.testNG.ProductAddToFav@3ffc5af1]" name="qts" is-config="true" duration-ms="38" started-at="2022-09-23T20:06:12Z" finished-at="2022-09-23T20:06:12Z">
          <reporter-output>
          </reporter-output>
        </test-method> <!-- qts -->
      </class> <!-- org.testNG.ProductAddToFav -->
      <class name="org.testNG.SignIn">
        <test-method status="PASS" signature="launch()[pri:0, instance:org.testNG.SignIn@5b275dab]" name="launch" is-config="true" duration-ms="23329" started-at="2022-09-23T19:59:49Z" finished-at="2022-09-23T20:00:12Z">
          <reporter-output>
          </reporter-output>
        </test-method> <!-- launch -->
        <test-method status="PASS" signature="gettss()[pri:0, instance:org.testNG.SignIn@5b275dab]" name="gettss" is-config="true" duration-ms="6838" started-at="2022-09-23T20:00:15Z" finished-at="2022-09-23T20:00:21Z">
          <reporter-output>
          </reporter-output>
        </test-method> <!-- gettss -->
        <test-method status="PASS" signature="invldlogins(java.lang.String, java.lang.String)[pri:1, instance:org.testNG.SignIn@5b275dab]" name="invldlogins" duration-ms="16160" started-at="2022-09-23T20:00:21Z" data-provider="invalid" finished-at="2022-09-23T20:00:38Z">
          <params>
            <param index="0">
              <value>
                <![CDATA[pk@123]]>
              </value>
            </param>
            <param index="1">
              <value>
                <![CDATA[vrp@123]]>
              </value>
            </param>
          </params>
          <reporter-output>
          </reporter-output>
        </test-method> <!-- invldlogins -->
        <test-method status="PASS" signature="gettss()[pri:0, instance:org.testNG.SignIn@5b275dab]" name="gettss" is-config="true" duration-ms="3806" started-at="2022-09-23T20:00:38Z" finished-at="2022-09-23T20:00:41Z">
          <reporter-output>
          </reporter-output>
        </test-method> <!-- gettss -->
        <test-method status="PASS" signature="invldlogins(java.lang.String, java.lang.String)[pri:1, instance:org.testNG.SignIn@5b275dab]" name="invldlogins" duration-ms="7329" started-at="2022-09-23T20:00:41Z" data-provider="invalid" finished-at="2022-09-23T20:00:49Z">
          <params>
            <param index="0">
              <value>
                <![CDATA[pks@123]]>
              </value>
            </param>
            <param index="1">
              <value>
                <![CDATA[vpr@184221]]>
              </value>
            </param>
          </params>
          <reporter-output>
          </reporter-output>
        </test-method> <!-- invldlogins -->
        <test-method status="PASS" signature="gettss()[pri:0, instance:org.testNG.SignIn@5b275dab]" name="gettss" is-config="true" duration-ms="2661" started-at="2022-09-23T20:00:49Z" finished-at="2022-09-23T20:00:52Z">
          <reporter-output>
          </reporter-output>
        </test-method> <!-- gettss -->
        <test-method status="PASS" signature="invldlogin(java.lang.String, java.lang.String)[pri:2, instance:org.testNG.SignIn@5b275dab]" name="invldlogin" duration-ms="6025" started-at="2022-09-23T20:00:52Z" data-provider="validinvalid" finished-at="2022-09-23T20:00:58Z">
          <params>
            <param index="0">
              <value>
                <![CDATA[prakashrandy211996@gmail.com]]>
              </value>
            </param>
            <param index="1">
              <value>
                <![CDATA[vrp@1232]]>
              </value>
            </param>
          </params>
          <reporter-output>
          </reporter-output>
        </test-method> <!-- invldlogin -->
        <test-method status="PASS" signature="gettss()[pri:0, instance:org.testNG.SignIn@5b275dab]" name="gettss" is-config="true" duration-ms="2621" started-at="2022-09-23T20:00:58Z" finished-at="2022-09-23T20:01:01Z">
          <reporter-output>
          </reporter-output>
        </test-method> <!-- gettss -->
        <test-method status="PASS" signature="invldloginn(java.lang.String, java.lang.String)[pri:3, instance:org.testNG.SignIn@5b275dab]" name="invldloginn" duration-ms="11807" started-at="2022-09-23T20:01:01Z" data-provider="valid" finished-at="2022-09-23T20:01:13Z">
          <params>
            <param index="0">
              <value>
                <![CDATA[prakashrandy211996@gmail.com]]>
              </value>
            </param>
            <param index="1">
              <value>
                <![CDATA[vgk@184221]]>
              </value>
            </param>
          </params>
          <reporter-output>
          </reporter-output>
        </test-method> <!-- invldloginn -->
        <test-method status="PASS" signature="cls()[pri:0, instance:org.testNG.SignIn@5b275dab]" name="cls" is-config="true" duration-ms="3487" started-at="2022-09-23T20:01:13Z" finished-at="2022-09-23T20:01:16Z">
          <reporter-output>
          </reporter-output>
        </test-method> <!-- cls -->
      </class> <!-- org.testNG.SignIn -->
      <class name="org.testNG.HeaderProductClick">
        <test-method status="PASS" signature="launch()[pri:0, instance:org.testNG.HeaderProductClick@61832929]" name="launch" is-config="true" duration-ms="12848" started-at="2022-09-23T20:01:16Z" finished-at="2022-09-23T20:01:29Z">
          <reporter-output>
          </reporter-output>
        </test-method> <!-- launch -->
        <test-method status="PASS" signature="gettss()[pri:0, instance:org.testNG.HeaderProductClick@61832929]" name="gettss" is-config="true" duration-ms="5493" started-at="2022-09-23T20:01:29Z" finished-at="2022-09-23T20:01:35Z">
          <reporter-output>
          </reporter-output>
        </test-method> <!-- gettss -->
        <test-method status="SKIP" signature="tc1jewellery()[pri:1, instance:org.testNG.HeaderProductClick@61832929]" name="tc1jewellery" duration-ms="21556" started-at="2022-09-23T20:01:35Z" finished-at="2022-09-23T20:01:56Z">
          <exception class="org.openqa.selenium.NoSuchElementException">
            <message>
              <![CDATA[Unable to locate element: //a[@id='catnav-l4-11250']
For documentation on this error, please visit: https://www.seleniumhq.org/exceptions/no_such_element.html
Build info: version: '3.141.59', revision: 'e82be7d358', time: '2018-11-14T08:17:03'
System info: host: 'PRAKASH-PC', ip: '192.168.1.7', os.name: 'Windows 7', os.arch: 'amd64', os.version: '6.1', java.version: '1.8.0_202'
Driver info: org.openqa.selenium.firefox.FirefoxDriver
Capabilities {acceptInsecureCerts: true, browserName: firefox, browserVersion: 105.0, javascriptEnabled: true, moz:accessibilityChecks: false, moz:buildID: 20220915150737, moz:geckodriverVersion: 0.31.0, moz:headless: false, moz:platformVersion: 6.1, moz:processID: 4504, moz:profile: C:\Users\prakash\AppData\Lo..., moz:shutdownTimeout: 60000, moz:useNonSpecCompliantPointerOrigin: false, moz:webdriverClick: true, moz:windowless: false, pageLoadStrategy: normal, platform: WINDOWS, platformName: WINDOWS, proxy: Proxy(), setWindowRect: true, strictFileInteractability: false, timeouts: {implicit: 0, pageLoad: 300000, script: 30000}, unhandledPromptBehavior: dismiss and notify}
Session ID: f31cec4c-0dcf-4f62-bd70-a1c53ef3b8bd
*** Element info: {Using=xpath, value=//a[@id='catnav-l4-11250']}]]>
            </message>
            <full-stacktrace>
              <![CDATA[org.openqa.selenium.NoSuchElementException: Unable to locate element: //a[@id='catnav-l4-11250']
For documentation on this error, please visit: https://www.seleniumhq.org/exceptions/no_such_element.html
Build info: version: '3.141.59', revision: 'e82be7d358', time: '2018-11-14T08:17:03'
System info: host: 'PRAKASH-PC', ip: '192.168.1.7', os.name: 'Windows 7', os.arch: 'amd64', os.version: '6.1', java.version: '1.8.0_202'
Driver info: org.openqa.selenium.firefox.FirefoxDriver
Capabilities {acceptInsecureCerts: true, browserName: firefox, browserVersion: 105.0, javascriptEnabled: true, moz:accessibilityChecks: false, moz:buildID: 20220915150737, moz:geckodriverVersion: 0.31.0, moz:headless: false, moz:platformVersion: 6.1, moz:processID: 4504, moz:profile: C:\Users\prakash\AppData\Lo..., moz:shutdownTimeout: 60000, moz:useNonSpecCompliantPointerOrigin: false, moz:webdriverClick: true, moz:windowless: false, pageLoadStrategy: normal, platform: WINDOWS, platformName: WINDOWS, proxy: Proxy(), setWindowRect: true, strictFileInteractability: false, timeouts: {implicit: 0, pageLoad: 300000, script: 30000}, unhandledPromptBehavior: dismiss and notify}
Session ID: f31cec4c-0dcf-4f62-bd70-a1c53ef3b8bd
*** Element info: {Using=xpath, value=//a[@id='catnav-l4-11250']}
	at sun.reflect.NativeConstructorAccessorImpl.newInstance0(Native Method)
	at sun.reflect.NativeConstructorAccessorImpl.newInstance(Unknown Source)
	at sun.reflect.DelegatingConstructorAccessorImpl.newInstance(Unknown Source)
	at java.lang.reflect.Constructor.newInstance(Unknown Source)
	at org.openqa.selenium.remote.http.W3CHttpResponseCodec.createException(W3CHttpResponseCodec.java:187)
	at org.openqa.selenium.remote.http.W3CHttpResponseCodec.decode(W3CHttpResponseCodec.java:122)
	at org.openqa.selenium.remote.http.W3CHttpResponseCodec.decode(W3CHttpResponseCodec.java:49)
	at org.openqa.selenium.remote.HttpCommandExecutor.execute(HttpCommandExecutor.java:158)
	at org.openqa.selenium.remote.service.DriverCommandExecutor.execute(DriverCommandExecutor.java:83)
	at org.openqa.selenium.remote.RemoteWebDriver.execute(RemoteWebDriver.java:552)
	at org.openqa.selenium.remote.RemoteWebDriver.findElement(RemoteWebDriver.java:323)
	at org.openqa.selenium.remote.RemoteWebDriver.findElementByXPath(RemoteWebDriver.java:428)
	at org.openqa.selenium.By$ByXPath.findElement(By.java:353)
	at org.openqa.selenium.remote.RemoteWebDriver.findElement(RemoteWebDriver.java:315)
	at org.openqa.selenium.support.pagefactory.DefaultElementLocator.findElement(DefaultElementLocator.java:69)
	at org.openqa.selenium.support.pagefactory.internal.LocatingElementHandler.invoke(LocatingElementHandler.java:38)
	at com.sun.proxy.$Proxy13.click(Unknown Source)
	at org.framework.BaseClass.clicks(BaseClass.java:96)
	at org.testNG.HeaderProductClick.tc1jewellery(HeaderProductClick.java:51)
	at sun.reflect.NativeMethodAccessorImpl.invoke0(Native Method)
	at sun.reflect.NativeMethodAccessorImpl.invoke(Unknown Source)
	at sun.reflect.DelegatingMethodAccessorImpl.invoke(Unknown Source)
	at java.lang.reflect.Method.invoke(Unknown Source)
	at org.testng.internal.MethodInvocationHelper.invokeMethod(MethodInvocationHelper.java:86)
	at org.testng.internal.Invoker.invokeMethod(Invoker.java:643)
	at org.testng.internal.Invoker.invokeTestMethod(Invoker.java:820)
	at org.testng.internal.Invoker.invokeTestMethods(Invoker.java:1128)
	at org.testng.internal.TestMethodWorker.invokeTestMethods(TestMethodWorker.java:129)
	at org.testng.internal.TestMethodWorker.run(TestMethodWorker.java:112)
	at org.testng.TestRunner.privateRun(TestRunner.java:782)
	at org.testng.TestRunner.run(TestRunner.java:632)
	at org.testng.SuiteRunner.runTest(SuiteRunner.java:366)
	at org.testng.SuiteRunner.runSequentially(SuiteRunner.java:361)
	at org.testng.SuiteRunner.privateRun(SuiteRunner.java:319)
	at org.testng.SuiteRunner.run(SuiteRunner.java:268)
	at org.testng.SuiteRunnerWorker.runSuite(SuiteRunnerWorker.java:52)
	at org.testng.SuiteRunnerWorker.run(SuiteRunnerWorker.java:86)
	at org.testng.TestNG.runSuitesSequentially(TestNG.java:1244)
	at org.testng.TestNG.runSuitesLocally(TestNG.java:1169)
	at org.testng.TestNG.run(TestNG.java:1064)
	at org.testng.remote.AbstractRemoteTestNG.run(AbstractRemoteTestNG.java:132)
	at org.testng.remote.RemoteTestNG.initAndRun(RemoteTestNG.java:236)
	at org.testng.remote.RemoteTestNG.main(RemoteTestNG.java:81)
]]>
            </full-stacktrace>
          </exception> <!-- org.openqa.selenium.NoSuchElementException -->
          <reporter-output>
          </reporter-output>
        </test-method> <!-- tc1jewellery -->
        <test-method status="PASS" signature="gettss()[pri:0, instance:org.testNG.HeaderProductClick@61832929]" name="gettss" is-config="true" duration-ms="2975" started-at="2022-09-23T20:01:56Z" finished-at="2022-09-23T20:01:59Z">
          <reporter-output>
          </reporter-output>
        </test-method> <!-- gettss -->
        <test-method status="SKIP" signature="tc1jewellery()[pri:1, instance:org.testNG.HeaderProductClick@61832929]" name="tc1jewellery" duration-ms="20836" started-at="2022-09-23T20:01:59Z" finished-at="2022-09-23T20:02:20Z">
          <exception class="org.openqa.selenium.NoSuchElementException">
            <message>
              <![CDATA[Unable to locate element: //a[@id='catnav-l4-11250']
For documentation on this error, please visit: https://www.seleniumhq.org/exceptions/no_such_element.html
Build info: version: '3.141.59', revision: 'e82be7d358', time: '2018-11-14T08:17:03'
System info: host: 'PRAKASH-PC', ip: '192.168.1.7', os.name: 'Windows 7', os.arch: 'amd64', os.version: '6.1', java.version: '1.8.0_202'
Driver info: org.openqa.selenium.firefox.FirefoxDriver
Capabilities {acceptInsecureCerts: true, browserName: firefox, browserVersion: 105.0, javascriptEnabled: true, moz:accessibilityChecks: false, moz:buildID: 20220915150737, moz:geckodriverVersion: 0.31.0, moz:headless: false, moz:platformVersion: 6.1, moz:processID: 4504, moz:profile: C:\Users\prakash\AppData\Lo..., moz:shutdownTimeout: 60000, moz:useNonSpecCompliantPointerOrigin: false, moz:webdriverClick: true, moz:windowless: false, pageLoadStrategy: normal, platform: WINDOWS, platformName: WINDOWS, proxy: Proxy(), setWindowRect: true, strictFileInteractability: false, timeouts: {implicit: 0, pageLoad: 300000, script: 30000}, unhandledPromptBehavior: dismiss and notify}
Session ID: f31cec4c-0dcf-4f62-bd70-a1c53ef3b8bd
*** Element info: {Using=xpath, value=//a[@id='catnav-l4-11250']}]]>
            </message>
            <full-stacktrace>
              <![CDATA[org.openqa.selenium.NoSuchElementException: Unable to locate element: //a[@id='catnav-l4-11250']
For documentation on this error, please visit: https://www.seleniumhq.org/exceptions/no_such_element.html
Build info: version: '3.141.59', revision: 'e82be7d358', time: '2018-11-14T08:17:03'
System info: host: 'PRAKASH-PC', ip: '192.168.1.7', os.name: 'Windows 7', os.arch: 'amd64', os.version: '6.1', java.version: '1.8.0_202'
Driver info: org.openqa.selenium.firefox.FirefoxDriver
Capabilities {acceptInsecureCerts: true, browserName: firefox, browserVersion: 105.0, javascriptEnabled: true, moz:accessibilityChecks: false, moz:buildID: 20220915150737, moz:geckodriverVersion: 0.31.0, moz:headless: false, moz:platformVersion: 6.1, moz:processID: 4504, moz:profile: C:\Users\prakash\AppData\Lo..., moz:shutdownTimeout: 60000, moz:useNonSpecCompliantPointerOrigin: false, moz:webdriverClick: true, moz:windowless: false, pageLoadStrategy: normal, platform: WINDOWS, platformName: WINDOWS, proxy: Proxy(), setWindowRect: true, strictFileInteractability: false, timeouts: {implicit: 0, pageLoad: 300000, script: 30000}, unhandledPromptBehavior: dismiss and notify}
Session ID: f31cec4c-0dcf-4f62-bd70-a1c53ef3b8bd
*** Element info: {Using=xpath, value=//a[@id='catnav-l4-11250']}
	at sun.reflect.NativeConstructorAccessorImpl.newInstance0(Native Method)
	at sun.reflect.NativeConstructorAccessorImpl.newInstance(Unknown Source)
	at sun.reflect.DelegatingConstructorAccessorImpl.newInstance(Unknown Source)
	at java.lang.reflect.Constructor.newInstance(Unknown Source)
	at org.openqa.selenium.remote.http.W3CHttpResponseCodec.createException(W3CHttpResponseCodec.java:187)
	at org.openqa.selenium.remote.http.W3CHttpResponseCodec.decode(W3CHttpResponseCodec.java:122)
	at org.openqa.selenium.remote.http.W3CHttpResponseCodec.decode(W3CHttpResponseCodec.java:49)
	at org.openqa.selenium.remote.HttpCommandExecutor.execute(HttpCommandExecutor.java:158)
	at org.openqa.selenium.remote.service.DriverCommandExecutor.execute(DriverCommandExecutor.java:83)
	at org.openqa.selenium.remote.RemoteWebDriver.execute(RemoteWebDriver.java:552)
	at org.openqa.selenium.remote.RemoteWebDriver.findElement(RemoteWebDriver.java:323)
	at org.openqa.selenium.remote.RemoteWebDriver.findElementByXPath(RemoteWebDriver.java:428)
	at org.openqa.selenium.By$ByXPath.findElement(By.java:353)
	at org.openqa.selenium.remote.RemoteWebDriver.findElement(RemoteWebDriver.java:315)
	at org.openqa.selenium.support.pagefactory.DefaultElementLocator.findElement(DefaultElementLocator.java:69)
	at org.openqa.selenium.support.pagefactory.internal.LocatingElementHandler.invoke(LocatingElementHandler.java:38)
	at com.sun.proxy.$Proxy13.click(Unknown Source)
	at org.framework.BaseClass.clicks(BaseClass.java:96)
	at org.testNG.HeaderProductClick.tc1jewellery(HeaderProductClick.java:51)
	at sun.reflect.NativeMethodAccessorImpl.invoke0(Native Method)
	at sun.reflect.NativeMethodAccessorImpl.invoke(Unknown Source)
	at sun.reflect.DelegatingMethodAccessorImpl.invoke(Unknown Source)
	at java.lang.reflect.Method.invoke(Unknown Source)
	at org.testng.internal.MethodInvocationHelper.invokeMethod(MethodInvocationHelper.java:86)
	at org.testng.internal.Invoker.invokeMethod(Invoker.java:643)
	at org.testng.internal.Invoker.retryFailed(Invoker.java:967)
	at org.testng.internal.Invoker.invokeTestMethods(Invoker.java:1146)
	at org.testng.internal.TestMethodWorker.invokeTestMethods(TestMethodWorker.java:129)
	at org.testng.internal.TestMethodWorker.run(TestMethodWorker.java:112)
	at org.testng.TestRunner.privateRun(TestRunner.java:782)
	at org.testng.TestRunner.run(TestRunner.java:632)
	at org.testng.SuiteRunner.runTest(SuiteRunner.java:366)
	at org.testng.SuiteRunner.runSequentially(SuiteRunner.java:361)
	at org.testng.SuiteRunner.privateRun(SuiteRunner.java:319)
	at org.testng.SuiteRunner.run(SuiteRunner.java:268)
	at org.testng.SuiteRunnerWorker.runSuite(SuiteRunnerWorker.java:52)
	at org.testng.SuiteRunnerWorker.run(SuiteRunnerWorker.java:86)
	at org.testng.TestNG.runSuitesSequentially(TestNG.java:1244)
	at org.testng.TestNG.runSuitesLocally(TestNG.java:1169)
	at org.testng.TestNG.run(TestNG.java:1064)
	at org.testng.remote.AbstractRemoteTestNG.run(AbstractRemoteTestNG.java:132)
	at org.testng.remote.RemoteTestNG.initAndRun(RemoteTestNG.java:236)
	at org.testng.remote.RemoteTestNG.main(RemoteTestNG.java:81)
]]>
            </full-stacktrace>
          </exception> <!-- org.openqa.selenium.NoSuchElementException -->
          <reporter-output>
          </reporter-output>
        </test-method> <!-- tc1jewellery -->
        <test-method status="PASS" signature="gettss()[pri:0, instance:org.testNG.HeaderProductClick@61832929]" name="gettss" is-config="true" duration-ms="7320" started-at="2022-09-23T20:02:20Z" finished-at="2022-09-23T20:02:27Z">
          <reporter-output>
          </reporter-output>
        </test-method> <!-- gettss -->
        <test-method status="SKIP" signature="tc1jewellery()[pri:1, instance:org.testNG.HeaderProductClick@61832929]" name="tc1jewellery" duration-ms="20378" started-at="2022-09-23T20:02:27Z" finished-at="2022-09-23T20:02:48Z">
          <exception class="org.openqa.selenium.NoSuchElementException">
            <message>
              <![CDATA[Unable to locate element: //a[@id='catnav-l4-11250']
For documentation on this error, please visit: https://www.seleniumhq.org/exceptions/no_such_element.html
Build info: version: '3.141.59', revision: 'e82be7d358', time: '2018-11-14T08:17:03'
System info: host: 'PRAKASH-PC', ip: '192.168.1.7', os.name: 'Windows 7', os.arch: 'amd64', os.version: '6.1', java.version: '1.8.0_202'
Driver info: org.openqa.selenium.firefox.FirefoxDriver
Capabilities {acceptInsecureCerts: true, browserName: firefox, browserVersion: 105.0, javascriptEnabled: true, moz:accessibilityChecks: false, moz:buildID: 20220915150737, moz:geckodriverVersion: 0.31.0, moz:headless: false, moz:platformVersion: 6.1, moz:processID: 4504, moz:profile: C:\Users\prakash\AppData\Lo..., moz:shutdownTimeout: 60000, moz:useNonSpecCompliantPointerOrigin: false, moz:webdriverClick: true, moz:windowless: false, pageLoadStrategy: normal, platform: WINDOWS, platformName: WINDOWS, proxy: Proxy(), setWindowRect: true, strictFileInteractability: false, timeouts: {implicit: 0, pageLoad: 300000, script: 30000}, unhandledPromptBehavior: dismiss and notify}
Session ID: f31cec4c-0dcf-4f62-bd70-a1c53ef3b8bd
*** Element info: {Using=xpath, value=//a[@id='catnav-l4-11250']}]]>
            </message>
            <full-stacktrace>
              <![CDATA[org.openqa.selenium.NoSuchElementException: Unable to locate element: //a[@id='catnav-l4-11250']
For documentation on this error, please visit: https://www.seleniumhq.org/exceptions/no_such_element.html
Build info: version: '3.141.59', revision: 'e82be7d358', time: '2018-11-14T08:17:03'
System info: host: 'PRAKASH-PC', ip: '192.168.1.7', os.name: 'Windows 7', os.arch: 'amd64', os.version: '6.1', java.version: '1.8.0_202'
Driver info: org.openqa.selenium.firefox.FirefoxDriver
Capabilities {acceptInsecureCerts: true, browserName: firefox, browserVersion: 105.0, javascriptEnabled: true, moz:accessibilityChecks: false, moz:buildID: 20220915150737, moz:geckodriverVersion: 0.31.0, moz:headless: false, moz:platformVersion: 6.1, moz:processID: 4504, moz:profile: C:\Users\prakash\AppData\Lo..., moz:shutdownTimeout: 60000, moz:useNonSpecCompliantPointerOrigin: false, moz:webdriverClick: true, moz:windowless: false, pageLoadStrategy: normal, platform: WINDOWS, platformName: WINDOWS, proxy: Proxy(), setWindowRect: true, strictFileInteractability: false, timeouts: {implicit: 0, pageLoad: 300000, script: 30000}, unhandledPromptBehavior: dismiss and notify}
Session ID: f31cec4c-0dcf-4f62-bd70-a1c53ef3b8bd
*** Element info: {Using=xpath, value=//a[@id='catnav-l4-11250']}
	at sun.reflect.NativeConstructorAccessorImpl.newInstance0(Native Method)
	at sun.reflect.NativeConstructorAccessorImpl.newInstance(Unknown Source)
	at sun.reflect.DelegatingConstructorAccessorImpl.newInstance(Unknown Source)
	at java.lang.reflect.Constructor.newInstance(Unknown Source)
	at org.openqa.selenium.remote.http.W3CHttpResponseCodec.createException(W3CHttpResponseCodec.java:187)
	at org.openqa.selenium.remote.http.W3CHttpResponseCodec.decode(W3CHttpResponseCodec.java:122)
	at org.openqa.selenium.remote.http.W3CHttpResponseCodec.decode(W3CHttpResponseCodec.java:49)
	at org.openqa.selenium.remote.HttpCommandExecutor.execute(HttpCommandExecutor.java:158)
	at org.openqa.selenium.remote.service.DriverCommandExecutor.execute(DriverCommandExecutor.java:83)
	at org.openqa.selenium.remote.RemoteWebDriver.execute(RemoteWebDriver.java:552)
	at org.openqa.selenium.remote.RemoteWebDriver.findElement(RemoteWebDriver.java:323)
	at org.openqa.selenium.remote.RemoteWebDriver.findElementByXPath(RemoteWebDriver.java:428)
	at org.openqa.selenium.By$ByXPath.findElement(By.java:353)
	at org.openqa.selenium.remote.RemoteWebDriver.findElement(RemoteWebDriver.java:315)
	at org.openqa.selenium.support.pagefactory.DefaultElementLocator.findElement(DefaultElementLocator.java:69)
	at org.openqa.selenium.support.pagefactory.internal.LocatingElementHandler.invoke(LocatingElementHandler.java:38)
	at com.sun.proxy.$Proxy13.click(Unknown Source)
	at org.framework.BaseClass.clicks(BaseClass.java:96)
	at org.testNG.HeaderProductClick.tc1jewellery(HeaderProductClick.java:51)
	at sun.reflect.NativeMethodAccessorImpl.invoke0(Native Method)
	at sun.reflect.NativeMethodAccessorImpl.invoke(Unknown Source)
	at sun.reflect.DelegatingMethodAccessorImpl.invoke(Unknown Source)
	at java.lang.reflect.Method.invoke(Unknown Source)
	at org.testng.internal.MethodInvocationHelper.invokeMethod(MethodInvocationHelper.java:86)
	at org.testng.internal.Invoker.invokeMethod(Invoker.java:643)
	at org.testng.internal.Invoker.retryFailed(Invoker.java:967)
	at org.testng.internal.Invoker.invokeTestMethods(Invoker.java:1146)
	at org.testng.internal.TestMethodWorker.invokeTestMethods(TestMethodWorker.java:129)
	at org.testng.internal.TestMethodWorker.run(TestMethodWorker.java:112)
	at org.testng.TestRunner.privateRun(TestRunner.java:782)
	at org.testng.TestRunner.run(TestRunner.java:632)
	at org.testng.SuiteRunner.runTest(SuiteRunner.java:366)
	at org.testng.SuiteRunner.runSequentially(SuiteRunner.java:361)
	at org.testng.SuiteRunner.privateRun(SuiteRunner.java:319)
	at org.testng.SuiteRunner.run(SuiteRunner.java:268)
	at org.testng.SuiteRunnerWorker.runSuite(SuiteRunnerWorker.java:52)
	at org.testng.SuiteRunnerWorker.run(SuiteRunnerWorker.java:86)
	at org.testng.TestNG.runSuitesSequentially(TestNG.java:1244)
	at org.testng.TestNG.runSuitesLocally(TestNG.java:1169)
	at org.testng.TestNG.run(TestNG.java:1064)
	at org.testng.remote.AbstractRemoteTestNG.run(AbstractRemoteTestNG.java:132)
	at org.testng.remote.RemoteTestNG.initAndRun(RemoteTestNG.java:236)
	at org.testng.remote.RemoteTestNG.main(RemoteTestNG.java:81)
]]>
            </full-stacktrace>
          </exception> <!-- org.openqa.selenium.NoSuchElementException -->
          <reporter-output>
          </reporter-output>
        </test-method> <!-- tc1jewellery -->
        <test-method status="PASS" signature="gettss()[pri:0, instance:org.testNG.HeaderProductClick@61832929]" name="gettss" is-config="true" duration-ms="2729" started-at="2022-09-23T20:02:48Z" finished-at="2022-09-23T20:02:50Z">
          <reporter-output>
          </reporter-output>
        </test-method> <!-- gettss -->
        <test-method status="FAIL" signature="tc1jewellery()[pri:1, instance:org.testNG.HeaderProductClick@61832929]" name="tc1jewellery" duration-ms="21825" started-at="2022-09-23T20:02:50Z" finished-at="2022-09-23T20:03:12Z">
          <exception class="org.openqa.selenium.NoSuchElementException">
            <message>
              <![CDATA[Unable to locate element: //a[@id='catnav-l4-11250']
For documentation on this error, please visit: https://www.seleniumhq.org/exceptions/no_such_element.html
Build info: version: '3.141.59', revision: 'e82be7d358', time: '2018-11-14T08:17:03'
System info: host: 'PRAKASH-PC', ip: '192.168.1.7', os.name: 'Windows 7', os.arch: 'amd64', os.version: '6.1', java.version: '1.8.0_202'
Driver info: org.openqa.selenium.firefox.FirefoxDriver
Capabilities {acceptInsecureCerts: true, browserName: firefox, browserVersion: 105.0, javascriptEnabled: true, moz:accessibilityChecks: false, moz:buildID: 20220915150737, moz:geckodriverVersion: 0.31.0, moz:headless: false, moz:platformVersion: 6.1, moz:processID: 4504, moz:profile: C:\Users\prakash\AppData\Lo..., moz:shutdownTimeout: 60000, moz:useNonSpecCompliantPointerOrigin: false, moz:webdriverClick: true, moz:windowless: false, pageLoadStrategy: normal, platform: WINDOWS, platformName: WINDOWS, proxy: Proxy(), setWindowRect: true, strictFileInteractability: false, timeouts: {implicit: 0, pageLoad: 300000, script: 30000}, unhandledPromptBehavior: dismiss and notify}
Session ID: f31cec4c-0dcf-4f62-bd70-a1c53ef3b8bd
*** Element info: {Using=xpath, value=//a[@id='catnav-l4-11250']}]]>
            </message>
            <full-stacktrace>
              <![CDATA[org.openqa.selenium.NoSuchElementException: Unable to locate element: //a[@id='catnav-l4-11250']
For documentation on this error, please visit: https://www.seleniumhq.org/exceptions/no_such_element.html
Build info: version: '3.141.59', revision: 'e82be7d358', time: '2018-11-14T08:17:03'
System info: host: 'PRAKASH-PC', ip: '192.168.1.7', os.name: 'Windows 7', os.arch: 'amd64', os.version: '6.1', java.version: '1.8.0_202'
Driver info: org.openqa.selenium.firefox.FirefoxDriver
Capabilities {acceptInsecureCerts: true, browserName: firefox, browserVersion: 105.0, javascriptEnabled: true, moz:accessibilityChecks: false, moz:buildID: 20220915150737, moz:geckodriverVersion: 0.31.0, moz:headless: false, moz:platformVersion: 6.1, moz:processID: 4504, moz:profile: C:\Users\prakash\AppData\Lo..., moz:shutdownTimeout: 60000, moz:useNonSpecCompliantPointerOrigin: false, moz:webdriverClick: true, moz:windowless: false, pageLoadStrategy: normal, platform: WINDOWS, platformName: WINDOWS, proxy: Proxy(), setWindowRect: true, strictFileInteractability: false, timeouts: {implicit: 0, pageLoad: 300000, script: 30000}, unhandledPromptBehavior: dismiss and notify}
Session ID: f31cec4c-0dcf-4f62-bd70-a1c53ef3b8bd
*** Element info: {Using=xpath, value=//a[@id='catnav-l4-11250']}
	at sun.reflect.NativeConstructorAccessorImpl.newInstance0(Native Method)
	at sun.reflect.NativeConstructorAccessorImpl.newInstance(Unknown Source)
	at sun.reflect.DelegatingConstructorAccessorImpl.newInstance(Unknown Source)
	at java.lang.reflect.Constructor.newInstance(Unknown Source)
	at org.openqa.selenium.remote.http.W3CHttpResponseCodec.createException(W3CHttpResponseCodec.java:187)
	at org.openqa.selenium.remote.http.W3CHttpResponseCodec.decode(W3CHttpResponseCodec.java:122)
	at org.openqa.selenium.remote.http.W3CHttpResponseCodec.decode(W3CHttpResponseCodec.java:49)
	at org.openqa.selenium.remote.HttpCommandExecutor.execute(HttpCommandExecutor.java:158)
	at org.openqa.selenium.remote.service.DriverCommandExecutor.execute(DriverCommandExecutor.java:83)
	at org.openqa.selenium.remote.RemoteWebDriver.execute(RemoteWebDriver.java:552)
	at org.openqa.selenium.remote.RemoteWebDriver.findElement(RemoteWebDriver.java:323)
	at org.openqa.selenium.remote.RemoteWebDriver.findElementByXPath(RemoteWebDriver.java:428)
	at org.openqa.selenium.By$ByXPath.findElement(By.java:353)
	at org.openqa.selenium.remote.RemoteWebDriver.findElement(RemoteWebDriver.java:315)
	at org.openqa.selenium.support.pagefactory.DefaultElementLocator.findElement(DefaultElementLocator.java:69)
	at org.openqa.selenium.support.pagefactory.internal.LocatingElementHandler.invoke(LocatingElementHandler.java:38)
	at com.sun.proxy.$Proxy13.click(Unknown Source)
	at org.framework.BaseClass.clicks(BaseClass.java:96)
	at org.testNG.HeaderProductClick.tc1jewellery(HeaderProductClick.java:51)
	at sun.reflect.NativeMethodAccessorImpl.invoke0(Native Method)
	at sun.reflect.NativeMethodAccessorImpl.invoke(Unknown Source)
	at sun.reflect.DelegatingMethodAccessorImpl.invoke(Unknown Source)
	at java.lang.reflect.Method.invoke(Unknown Source)
	at org.testng.internal.MethodInvocationHelper.invokeMethod(MethodInvocationHelper.java:86)
	at org.testng.internal.Invoker.invokeMethod(Invoker.java:643)
	at org.testng.internal.Invoker.retryFailed(Invoker.java:967)
	at org.testng.internal.Invoker.invokeTestMethods(Invoker.java:1146)
	at org.testng.internal.TestMethodWorker.invokeTestMethods(TestMethodWorker.java:129)
	at org.testng.internal.TestMethodWorker.run(TestMethodWorker.java:112)
	at org.testng.TestRunner.privateRun(TestRunner.java:782)
	at org.testng.TestRunner.run(TestRunner.java:632)
	at org.testng.SuiteRunner.runTest(SuiteRunner.java:366)
	at org.testng.SuiteRunner.runSequentially(SuiteRunner.java:361)
	at org.testng.SuiteRunner.privateRun(SuiteRunner.java:319)
	at org.testng.SuiteRunner.run(SuiteRunner.java:268)
	at org.testng.SuiteRunnerWorker.runSuite(SuiteRunnerWorker.java:52)
	at org.testng.SuiteRunnerWorker.run(SuiteRunnerWorker.java:86)
	at org.testng.TestNG.runSuitesSequentially(TestNG.java:1244)
	at org.testng.TestNG.runSuitesLocally(TestNG.java:1169)
	at org.testng.TestNG.run(TestNG.java:1064)
	at org.testng.remote.AbstractRemoteTestNG.run(AbstractRemoteTestNG.java:132)
	at org.testng.remote.RemoteTestNG.initAndRun(RemoteTestNG.java:236)
	at org.testng.remote.RemoteTestNG.main(RemoteTestNG.java:81)
]]>
            </full-stacktrace>
          </exception> <!-- org.openqa.selenium.NoSuchElementException -->
          <reporter-output>
          </reporter-output>
        </test-method> <!-- tc1jewellery -->
        <test-method status="PASS" signature="gettss()[pri:0, instance:org.testNG.HeaderProductClick@61832929]" name="gettss" is-config="true" duration-ms="2561" started-at="2022-09-23T20:03:12Z" finished-at="2022-09-23T20:03:15Z">
          <reporter-output>
          </reporter-output>
        </test-method> <!-- gettss -->
        <test-method status="PASS" signature="tc2clothing()[pri:2, instance:org.testNG.HeaderProductClick@61832929]" name="tc2clothing" duration-ms="9513" started-at="2022-09-23T20:03:15Z" finished-at="2022-09-23T20:03:24Z">
          <reporter-output>
          </reporter-output>
        </test-method> <!-- tc2clothing -->
        <test-method status="PASS" signature="gettss()[pri:0, instance:org.testNG.HeaderProductClick@61832929]" name="gettss" is-config="true" duration-ms="1976" started-at="2022-09-23T20:03:24Z" finished-at="2022-09-23T20:03:26Z">
          <reporter-output>
          </reporter-output>
        </test-method> <!-- gettss -->
        <test-method status="PASS" signature="tc3home()[pri:3, instance:org.testNG.HeaderProductClick@61832929]" name="tc3home" duration-ms="2086" started-at="2022-09-23T20:03:26Z" finished-at="2022-09-23T20:03:28Z">
          <reporter-output>
          </reporter-output>
        </test-method> <!-- tc3home -->
        <test-method status="PASS" signature="gettss()[pri:0, instance:org.testNG.HeaderProductClick@61832929]" name="gettss" is-config="true" duration-ms="1454" started-at="2022-09-23T20:03:28Z" finished-at="2022-09-23T20:03:30Z">
          <reporter-output>
          </reporter-output>
        </test-method> <!-- gettss -->
        <test-method status="SKIP" signature="tc4wedding()[pri:4, instance:org.testNG.HeaderProductClick@61832929]" name="tc4wedding" duration-ms="1243" started-at="2022-09-23T20:03:30Z" finished-at="2022-09-23T20:03:31Z">
          <exception class="org.openqa.selenium.ElementNotInteractableException">
            <message>
              <![CDATA[Element <a id="catnav-l3-10985" class="wt-display-block wt-text-black wt-text-link-no-underline " href="/in-en/c/paper-and-party-supplies/party-supplies/party-decor?ref=catnav-10983"> could not be scrolled into view
Build info: version: '3.141.59', revision: 'e82be7d358', time: '2018-11-14T08:17:03'
System info: host: 'PRAKASH-PC', ip: '192.168.1.7', os.name: 'Windows 7', os.arch: 'amd64', os.version: '6.1', java.version: '1.8.0_202'
Driver info: org.openqa.selenium.firefox.FirefoxDriver
Capabilities {acceptInsecureCerts: true, browserName: firefox, browserVersion: 105.0, javascriptEnabled: true, moz:accessibilityChecks: false, moz:buildID: 20220915150737, moz:geckodriverVersion: 0.31.0, moz:headless: false, moz:platformVersion: 6.1, moz:processID: 4504, moz:profile: C:\Users\prakash\AppData\Lo..., moz:shutdownTimeout: 60000, moz:useNonSpecCompliantPointerOrigin: false, moz:webdriverClick: true, moz:windowless: false, pageLoadStrategy: normal, platform: WINDOWS, platformName: WINDOWS, proxy: Proxy(), setWindowRect: true, strictFileInteractability: false, timeouts: {implicit: 0, pageLoad: 300000, script: 30000}, unhandledPromptBehavior: dismiss and notify}
Session ID: f31cec4c-0dcf-4f62-bd70-a1c53ef3b8bd]]>
            </message>
            <full-stacktrace>
              <![CDATA[org.openqa.selenium.ElementNotInteractableException: Element <a id="catnav-l3-10985" class="wt-display-block wt-text-black wt-text-link-no-underline " href="/in-en/c/paper-and-party-supplies/party-supplies/party-decor?ref=catnav-10983"> could not be scrolled into view
Build info: version: '3.141.59', revision: 'e82be7d358', time: '2018-11-14T08:17:03'
System info: host: 'PRAKASH-PC', ip: '192.168.1.7', os.name: 'Windows 7', os.arch: 'amd64', os.version: '6.1', java.version: '1.8.0_202'
Driver info: org.openqa.selenium.firefox.FirefoxDriver
Capabilities {acceptInsecureCerts: true, browserName: firefox, browserVersion: 105.0, javascriptEnabled: true, moz:accessibilityChecks: false, moz:buildID: 20220915150737, moz:geckodriverVersion: 0.31.0, moz:headless: false, moz:platformVersion: 6.1, moz:processID: 4504, moz:profile: C:\Users\prakash\AppData\Lo..., moz:shutdownTimeout: 60000, moz:useNonSpecCompliantPointerOrigin: false, moz:webdriverClick: true, moz:windowless: false, pageLoadStrategy: normal, platform: WINDOWS, platformName: WINDOWS, proxy: Proxy(), setWindowRect: true, strictFileInteractability: false, timeouts: {implicit: 0, pageLoad: 300000, script: 30000}, unhandledPromptBehavior: dismiss and notify}
Session ID: f31cec4c-0dcf-4f62-bd70-a1c53ef3b8bd
	at sun.reflect.NativeConstructorAccessorImpl.newInstance0(Native Method)
	at sun.reflect.NativeConstructorAccessorImpl.newInstance(Unknown Source)
	at sun.reflect.DelegatingConstructorAccessorImpl.newInstance(Unknown Source)
	at java.lang.reflect.Constructor.newInstance(Unknown Source)
	at org.openqa.selenium.remote.http.W3CHttpResponseCodec.createException(W3CHttpResponseCodec.java:187)
	at org.openqa.selenium.remote.http.W3CHttpResponseCodec.decode(W3CHttpResponseCodec.java:122)
	at org.openqa.selenium.remote.http.W3CHttpResponseCodec.decode(W3CHttpResponseCodec.java:49)
	at org.openqa.selenium.remote.HttpCommandExecutor.execute(HttpCommandExecutor.java:158)
	at org.openqa.selenium.remote.service.DriverCommandExecutor.execute(DriverCommandExecutor.java:83)
	at org.openqa.selenium.remote.RemoteWebDriver.execute(RemoteWebDriver.java:552)
	at org.openqa.selenium.remote.RemoteWebElement.execute(RemoteWebElement.java:285)
	at org.openqa.selenium.remote.RemoteWebElement.click(RemoteWebElement.java:84)
	at sun.reflect.NativeMethodAccessorImpl.invoke0(Native Method)
	at sun.reflect.NativeMethodAccessorImpl.invoke(Unknown Source)
	at sun.reflect.DelegatingMethodAccessorImpl.invoke(Unknown Source)
	at java.lang.reflect.Method.invoke(Unknown Source)
	at org.openqa.selenium.support.pagefactory.internal.LocatingElementHandler.invoke(LocatingElementHandler.java:51)
	at com.sun.proxy.$Proxy13.click(Unknown Source)
	at org.framework.BaseClass.clicks(BaseClass.java:96)
	at org.testNG.HeaderProductClick.tc4wedding(HeaderProductClick.java:88)
	at sun.reflect.NativeMethodAccessorImpl.invoke0(Native Method)
	at sun.reflect.NativeMethodAccessorImpl.invoke(Unknown Source)
	at sun.reflect.DelegatingMethodAccessorImpl.invoke(Unknown Source)
	at java.lang.reflect.Method.invoke(Unknown Source)
	at org.testng.internal.MethodInvocationHelper.invokeMethod(MethodInvocationHelper.java:86)
	at org.testng.internal.Invoker.invokeMethod(Invoker.java:643)
	at org.testng.internal.Invoker.invokeTestMethod(Invoker.java:820)
	at org.testng.internal.Invoker.invokeTestMethods(Invoker.java:1128)
	at org.testng.internal.TestMethodWorker.invokeTestMethods(TestMethodWorker.java:129)
	at org.testng.internal.TestMethodWorker.run(TestMethodWorker.java:112)
	at org.testng.TestRunner.privateRun(TestRunner.java:782)
	at org.testng.TestRunner.run(TestRunner.java:632)
	at org.testng.SuiteRunner.runTest(SuiteRunner.java:366)
	at org.testng.SuiteRunner.runSequentially(SuiteRunner.java:361)
	at org.testng.SuiteRunner.privateRun(SuiteRunner.java:319)
	at org.testng.SuiteRunner.run(SuiteRunner.java:268)
	at org.testng.SuiteRunnerWorker.runSuite(SuiteRunnerWorker.java:52)
	at org.testng.SuiteRunnerWorker.run(SuiteRunnerWorker.java:86)
	at org.testng.TestNG.runSuitesSequentially(TestNG.java:1244)
	at org.testng.TestNG.runSuitesLocally(TestNG.java:1169)
	at org.testng.TestNG.run(TestNG.java:1064)
	at org.testng.remote.AbstractRemoteTestNG.run(AbstractRemoteTestNG.java:132)
	at org.testng.remote.RemoteTestNG.initAndRun(RemoteTestNG.java:236)
	at org.testng.remote.RemoteTestNG.main(RemoteTestNG.java:81)
]]>
            </full-stacktrace>
          </exception> <!-- org.openqa.selenium.ElementNotInteractableException -->
          <reporter-output>
          </reporter-output>
        </test-method> <!-- tc4wedding -->
        <test-method status="PASS" signature="gettss()[pri:0, instance:org.testNG.HeaderProductClick@61832929]" name="gettss" is-config="true" duration-ms="1563" started-at="2022-09-23T20:03:31Z" finished-at="2022-09-23T20:03:33Z">
          <reporter-output>
          </reporter-output>
        </test-method> <!-- gettss -->
        <test-method status="PASS" signature="tc4wedding()[pri:4, instance:org.testNG.HeaderProductClick@61832929]" name="tc4wedding" duration-ms="5129" started-at="2022-09-23T20:03:33Z" finished-at="2022-09-23T20:03:38Z">
          <reporter-output>
          </reporter-output>
        </test-method> <!-- tc4wedding -->
        <test-method status="PASS" signature="gettss()[pri:0, instance:org.testNG.HeaderProductClick@61832929]" name="gettss" is-config="true" duration-ms="4218" started-at="2022-09-23T20:03:38Z" finished-at="2022-09-23T20:03:42Z">
          <reporter-output>
          </reporter-output>
        </test-method> <!-- gettss -->
        <test-method status="PASS" signature="tc5toysandent()[pri:5, instance:org.testNG.HeaderProductClick@61832929]" name="tc5toysandent" duration-ms="3158" started-at="2022-09-23T20:03:42Z" finished-at="2022-09-23T20:03:45Z">
          <reporter-output>
          </reporter-output>
        </test-method> <!-- tc5toysandent -->
        <test-method status="PASS" signature="gettss()[pri:0, instance:org.testNG.HeaderProductClick@61832929]" name="gettss" is-config="true" duration-ms="1771" started-at="2022-09-23T20:03:45Z" finished-at="2022-09-23T20:03:47Z">
          <reporter-output>
          </reporter-output>
        </test-method> <!-- gettss -->
        <test-method status="PASS" signature="tc6art()[pri:6, instance:org.testNG.HeaderProductClick@61832929]" name="tc6art" duration-ms="5109" started-at="2022-09-23T20:03:47Z" finished-at="2022-09-23T20:03:52Z">
          <reporter-output>
          </reporter-output>
        </test-method> <!-- tc6art -->
        <test-method status="PASS" signature="gettss()[pri:0, instance:org.testNG.HeaderProductClick@61832929]" name="gettss" is-config="true" duration-ms="4258" started-at="2022-09-23T20:03:52Z" finished-at="2022-09-23T20:03:56Z">
          <reporter-output>
          </reporter-output>
        </test-method> <!-- gettss -->
        <test-method status="PASS" signature="tc7gifts()[pri:7, instance:org.testNG.HeaderProductClick@61832929]" name="tc7gifts" duration-ms="4910" started-at="2022-09-23T20:03:56Z" finished-at="2022-09-23T20:04:01Z">
          <reporter-output>
          </reporter-output>
        </test-method> <!-- tc7gifts -->
        <test-method status="PASS" signature="cls()[pri:0, instance:org.testNG.HeaderProductClick@61832929]" name="cls" is-config="true" duration-ms="7653" started-at="2022-09-23T20:04:01Z" finished-at="2022-09-23T20:04:09Z">
          <reporter-output>
          </reporter-output>
        </test-method> <!-- cls -->
      </class> <!-- org.testNG.HeaderProductClick -->
      <class name="org.testNG.ProductAddToBasket">
        <test-method status="PASS" signature="launch()[pri:0, instance:org.testNG.ProductAddToBasket@29774679]" name="launch" is-config="true" duration-ms="20929" started-at="2022-09-23T20:04:09Z" finished-at="2022-09-23T20:04:30Z">
          <reporter-output>
          </reporter-output>
        </test-method> <!-- launch -->
        <test-method status="PASS" signature="url()[pri:0, instance:org.testNG.ProductAddToBasket@29774679]" name="url" is-config="true" duration-ms="5053" started-at="2022-09-23T20:04:30Z" finished-at="2022-09-23T20:04:35Z">
          <reporter-output>
          </reporter-output>
        </test-method> <!-- url -->
        <test-method status="PASS" signature="order(java.lang.String)[pri:0, instance:org.testNG.ProductAddToBasket@29774679]" name="order" duration-ms="22063" started-at="2022-09-23T20:04:35Z" finished-at="2022-09-23T20:04:57Z">
          <params>
            <param index="0">
              <value>
                <![CDATA[watch]]>
              </value>
            </param>
          </params>
          <reporter-output>
          </reporter-output>
        </test-method> <!-- order -->
        <test-method status="PASS" signature="qts()[pri:0, instance:org.testNG.ProductAddToBasket@29774679]" name="qts" is-config="true" duration-ms="31" started-at="2022-09-23T20:04:57Z" finished-at="2022-09-23T20:04:57Z">
          <reporter-output>
          </reporter-output>
        </test-method> <!-- qts -->
      </class> <!-- org.testNG.ProductAddToBasket -->
      <class name="org.testNG.FooterTesting">
        <test-method status="PASS" signature="launch()[pri:0, instance:org.testNG.FooterTesting@5e5792a0]" name="launch" is-config="true" duration-ms="32292" started-at="2022-09-23T20:06:12Z" finished-at="2022-09-23T20:06:44Z">
          <reporter-output>
          </reporter-output>
        </test-method> <!-- launch -->
        <test-method status="PASS" signature="gettss()[pri:0, instance:org.testNG.FooterTesting@5e5792a0]" name="gettss" is-config="true" duration-ms="5693" started-at="2022-09-23T20:06:44Z" finished-at="2022-09-23T20:06:50Z">
          <reporter-output>
          </reporter-output>
        </test-method> <!-- gettss -->
        <test-method status="PASS" signature="tc1()[pri:0, instance:org.testNG.FooterTesting@5e5792a0]" name="tc1" duration-ms="16595" started-at="2022-09-23T20:06:50Z" finished-at="2022-09-23T20:07:07Z">
          <reporter-output>
          </reporter-output>
        </test-method> <!-- tc1 -->
        <test-method status="PASS" signature="gettss()[pri:0, instance:org.testNG.FooterTesting@5e5792a0]" name="gettss" is-config="true" duration-ms="2955" started-at="2022-09-23T20:07:07Z" finished-at="2022-09-23T20:07:10Z">
          <reporter-output>
          </reporter-output>
        </test-method> <!-- gettss -->
        <test-method status="PASS" signature="tc2(java.lang.String)[pri:0, instance:org.testNG.FooterTesting@5e5792a0]" name="tc2" duration-ms="19607" started-at="2022-09-23T20:07:10Z" finished-at="2022-09-23T20:07:29Z">
          <params>
            <param index="0">
              <value>
                <![CDATA[What's the Status of My Order?]]>
              </value>
            </param>
          </params>
          <reporter-output>
          </reporter-output>
        </test-method> <!-- tc2 -->
        <test-method status="PASS" signature="cls()[pri:0, instance:org.testNG.FooterTesting@5e5792a0]" name="cls" is-config="true" duration-ms="3555" started-at="2022-09-23T20:07:29Z" finished-at="2022-09-23T20:07:33Z">
          <reporter-output>
          </reporter-output>
        </test-method> <!-- cls -->
      </class> <!-- org.testNG.FooterTesting -->
    </test> <!-- Test -->
  </suite> <!-- Suite -->
</testng-results>
