<?xml version="1.0" encoding="UTF-8"?>
<!-- Generated by org.testng.reporters.JUnitXMLReporter -->
<testsuite hostname="prakash-PC" name="Test" tests="19" failures="1" timestamp="24 Sep 2022 03:07:35 GMT" time="464.375" errors="0">
  <testcase name="invldlogins" time="16.16" classname="org.testNG.SignIn"/>
  <testcase name="invldlogins" time="7.329" classname="org.testNG.SignIn"/>
  <testcase name="invldlogin" time="6.025" classname="org.testNG.SignIn"/>
  <testcase name="invldloginn" time="11.807" classname="org.testNG.SignIn"/>
  <testcase name="tc1jewellery" time="21.556" classname="org.testNG.HeaderProductClick">
    <skipped/>
  </testcase> <!-- tc1jewellery -->
  <testcase name="tc1jewellery" time="20.836" classname="org.testNG.HeaderProductClick">
    <skipped/>
  </testcase> <!-- tc1jewellery -->
  <testcase name="tc1jewellery" time="20.378" classname="org.testNG.HeaderProductClick">
    <skipped/>
  </testcase> <!-- tc1jewellery -->
  <testcase name="tc1jewellery" time="21.825" classname="org.testNG.HeaderProductClick">
    <failure type="org.openqa.selenium.NoSuchElementException" message="Unable to locate element: //a[@id=&amp;apos;catnav-l4-11250&amp;apos;]
For documentation on this error, please visit: https://www.seleniumhq.org/exceptions/no_such_element.html
Build info: version: &amp;apos;3.141.59&amp;apos;, revision: &amp;apos;e82be7d358&amp;apos;, time: &amp;apos;2018-11-14T08:17:03&amp;apos;
System info: host: &amp;apos;PRAKASH-PC&amp;apos;, ip: &amp;apos;192.168.1.7&amp;apos;, os.name: &amp;apos;Windows 7&amp;apos;, os.arch: &amp;apos;amd64&amp;apos;, os.version: &amp;apos;6.1&amp;apos;, java.version: &amp;apos;1.8.0_202&amp;apos;
Driver info: org.openqa.selenium.firefox.FirefoxDriver
Capabilities {acceptInsecureCerts: true, browserName: firefox, browserVersion: 105.0, javascriptEnabled: true, moz:accessibilityChecks: false, moz:buildID: 20220915150737, moz:geckodriverVersion: 0.31.0, moz:headless: false, moz:platformVersion: 6.1, moz:processID: 4504, moz:profile: C:\Users\prakash\AppData\Lo..., moz:shutdownTimeout: 60000, moz:useNonSpecCompliantPointerOrigin: false, moz:webdriverClick: true, moz:windowless: false, pageLoadStrategy: normal, platform: WINDOWS, platformName: WINDOWS, proxy: Proxy(), setWindowRect: true, strictFileInteractability: false, timeouts: {implicit: 0, pageLoad: 300000, script: 30000}, unhandledPromptBehavior: dismiss and notify}
Session ID: f31cec4c-0dcf-4f62-bd70-a1c53ef3b8bd
*** Element info: {Using=xpath, value=//a[@id=&amp;apos;catnav-l4-11250&amp;apos;]}">
      <![CDATA[org.openqa.selenium.NoSuchElementException: Unable to locate element: //a[@id='catnav-l4-11250']
For documentation on this error, please visit: https://www.seleniumhq.org/exceptions/no_such_element.html
Build info: version: '3.141.59', revision: 'e82be7d358', time: '2018-11-14T08:17:03'
System info: host: 'PRAKASH-PC', ip: '192.168.1.7', os.name: 'Windows 7', os.arch: 'amd64', os.version: '6.1', java.version: '1.8.0_202'
Driver info: org.openqa.selenium.firefox.FirefoxDriver
Capabilities {acceptInsecureCerts: true, browserName: firefox, browserVersion: 105.0, javascriptEnabled: true, moz:accessibilityChecks: false, moz:buildID: 20220915150737, moz:geckodriverVersion: 0.31.0, moz:headless: false, moz:platformVersion: 6.1, moz:processID: 4504, moz:profile: C:\Users\prakash\AppData\Lo..., moz:shutdownTimeout: 60000, moz:useNonSpecCompliantPointerOrigin: false, moz:webdriverClick: true, moz:windowless: false, pageLoadStrategy: normal, platform: WINDOWS, platformName: WINDOWS, proxy: Proxy(), setWindowRect: true, strictFileInteractability: false, timeouts: {implicit: 0, pageLoad: 300000, script: 30000}, unhandledPromptBehavior: dismiss and notify}
Session ID: f31cec4c-0dcf-4f62-bd70-a1c53ef3b8bd
*** Element info: {Using=xpath, value=//a[@id='catnav-l4-11250']}
	at org.openqa.selenium.remote.http.W3CHttpResponseCodec.createException(W3CHttpResponseCodec.java:187)
	at org.openqa.selenium.remote.http.W3CHttpResponseCodec.decode(W3CHttpResponseCodec.java:122)
	at org.openqa.selenium.remote.http.W3CHttpResponseCodec.decode(W3CHttpResponseCodec.java:49)
	at org.openqa.selenium.remote.HttpCommandExecutor.execute(HttpCommandExecutor.java:158)
	at org.openqa.selenium.remote.service.DriverCommandExecutor.execute(DriverCommandExecutor.java:83)
	at org.openqa.selenium.remote.RemoteWebDriver.execute(RemoteWebDriver.java:552)
	at org.openqa.selenium.remote.RemoteWebDriver.findElement(RemoteWebDriver.java:323)
	at org.openqa.selenium.remote.RemoteWebDriver.findElementByXPath(RemoteWebDriver.java:428)
	at org.openqa.selenium.By$ByXPath.findElement(By.java:353)
	at org.openqa.selenium.remote.RemoteWebDriver.findElement(RemoteWebDriver.java:315)
	at org.openqa.selenium.support.pagefactory.DefaultElementLocator.findElement(DefaultElementLocator.java:69)
	at org.openqa.selenium.support.pagefactory.internal.LocatingElementHandler.invoke(LocatingElementHandler.java:38)
	at com.sun.proxy.$Proxy13.click(Unknown Source)
	at org.framework.BaseClass.clicks(BaseClass.java:96)
	at org.testNG.HeaderProductClick.tc1jewellery(HeaderProductClick.java:51)
... Removed 28 stack frames]]>
    </failure>
  </testcase> <!-- tc1jewellery -->
  <testcase name="tc2clothing" time="9.513" classname="org.testNG.HeaderProductClick"/>
  <testcase name="tc3home" time="2.086" classname="org.testNG.HeaderProductClick"/>
  <testcase name="tc4wedding" time="1.243" classname="org.testNG.HeaderProductClick">
    <skipped/>
  </testcase> <!-- tc4wedding -->
  <testcase name="tc4wedding" time="5.129" classname="org.testNG.HeaderProductClick"/>
  <testcase name="tc5toysandent" time="3.158" classname="org.testNG.HeaderProductClick"/>
  <testcase name="tc6art" time="5.109" classname="org.testNG.HeaderProductClick"/>
  <testcase name="tc7gifts" time="4.91" classname="org.testNG.HeaderProductClick"/>
  <testcase name="order" time="22.063" classname="org.testNG.ProductAddToBasket"/>
  <testcase name="favorites" time="42.173" classname="org.testNG.ProductAddToFav"/>
  <testcase name="tc1" time="16.595" classname="org.testNG.FooterTesting"/>
  <testcase name="tc2" time="19.607" classname="org.testNG.FooterTesting"/>
</testsuite> <!-- Test -->
